[2019-11-16 19:12:04,110] DEBUG preRegister called. Server=com.sun.jmx.mbeanserver.JmxMBeanServer@66d3c617, name=log4j:logger=kafka.controller (kafka.controller)
[2019-11-16 19:12:06,388] INFO [ControllerEventThread controllerId=0] Starting (kafka.controller.ControllerEventManager$ControllerEventThread)
[2019-11-16 19:12:06,430] INFO [Controller id=0] 0 successfully elected as the controller. Epoch incremented to 1 and epoch zk version is now 1 (kafka.controller.KafkaController)
[2019-11-16 19:12:06,431] INFO [Controller id=0] Registering handlers (kafka.controller.KafkaController)
[2019-11-16 19:12:06,437] INFO [Controller id=0] Deleting log dir event notifications (kafka.controller.KafkaController)
[2019-11-16 19:12:06,443] INFO [Controller id=0] Deleting isr change notifications (kafka.controller.KafkaController)
[2019-11-16 19:12:06,448] INFO [Controller id=0] Initializing controller context (kafka.controller.KafkaController)
[2019-11-16 19:12:06,512] INFO [Controller id=0] Initialized broker epochs cache: Map(0 -> 24) (kafka.controller.KafkaController)
[2019-11-16 19:12:06,520] DEBUG [Controller id=0] Register BrokerModifications handler for Set(0) (kafka.controller.KafkaController)
[2019-11-16 19:12:06,529] DEBUG [Channel manager on controller 0]: Controller 0 trying to connect to broker 0 (kafka.controller.ControllerChannelManager)
[2019-11-16 19:12:06,555] INFO [RequestSendThread controllerId=0] Starting (kafka.controller.RequestSendThread)
[2019-11-16 19:12:06,558] INFO [Controller id=0] Partitions being reassigned: Map() (kafka.controller.KafkaController)
[2019-11-16 19:12:06,559] INFO [Controller id=0] Currently active brokers in the cluster: Set(0) (kafka.controller.KafkaController)
[2019-11-16 19:12:06,560] INFO [Controller id=0] Currently shutting brokers in the cluster: Set() (kafka.controller.KafkaController)
[2019-11-16 19:12:06,561] INFO [Controller id=0] Current list of topics in the cluster: Set() (kafka.controller.KafkaController)
[2019-11-16 19:12:06,561] INFO [Controller id=0] Fetching topic deletions in progress (kafka.controller.KafkaController)
[2019-11-16 19:12:06,571] INFO [Controller id=0] List of topics to be deleted:  (kafka.controller.KafkaController)
[2019-11-16 19:12:06,572] INFO [Controller id=0] List of topics ineligible for deletion:  (kafka.controller.KafkaController)
[2019-11-16 19:12:06,572] INFO [Controller id=0] Initializing topic deletion manager (kafka.controller.KafkaController)
[2019-11-16 19:12:06,573] INFO [Topic Deletion Manager 0] Initializing manager with initial deletions: Set(), initial ineligible deletions: Set() (kafka.controller.TopicDeletionManager)
[2019-11-16 19:12:06,574] INFO [Controller id=0] Sending update metadata request (kafka.controller.KafkaController)
[2019-11-16 19:12:06,587] INFO [ReplicaStateMachine controllerId=0] Initializing replica state (kafka.controller.ZkReplicaStateMachine)
[2019-11-16 19:12:06,589] INFO [ReplicaStateMachine controllerId=0] Triggering online replica state changes (kafka.controller.ZkReplicaStateMachine)
[2019-11-16 19:12:06,594] INFO [ReplicaStateMachine controllerId=0] Triggering offline replica state changes (kafka.controller.ZkReplicaStateMachine)
[2019-11-16 19:12:06,595] DEBUG [ReplicaStateMachine controllerId=0] Started replica state machine with initial state -> Map() (kafka.controller.ZkReplicaStateMachine)
[2019-11-16 19:12:06,596] INFO [PartitionStateMachine controllerId=0] Initializing partition state (kafka.controller.ZkPartitionStateMachine)
[2019-11-16 19:12:06,597] INFO [PartitionStateMachine controllerId=0] Triggering online partition state changes (kafka.controller.ZkPartitionStateMachine)
[2019-11-16 19:12:06,604] DEBUG [PartitionStateMachine controllerId=0] Started partition state machine with initial state -> Map() (kafka.controller.ZkPartitionStateMachine)
[2019-11-16 19:12:06,604] INFO [Controller id=0] Ready to serve as the new controller with epoch 1 (kafka.controller.KafkaController)
[2019-11-16 19:12:06,606] INFO [RequestSendThread controllerId=0] Controller 0 connected to jj-Aspire-V3-371:9092 (id: 0 rack: null) for sending state change requests (kafka.controller.RequestSendThread)
[2019-11-16 19:12:06,610] INFO [Controller id=0] Removing partitions Set() from the list of reassigned partitions in zookeeper (kafka.controller.KafkaController)
[2019-11-16 19:12:06,611] INFO [Controller id=0] No more partitions need to be reassigned. Deleting zk path /admin/reassign_partitions (kafka.controller.KafkaController)
[2019-11-16 19:12:06,616] INFO [Controller id=0] Partitions undergoing preferred replica election:  (kafka.controller.KafkaController)
[2019-11-16 19:12:06,617] INFO [Controller id=0] Partitions that completed preferred replica election:  (kafka.controller.KafkaController)
[2019-11-16 19:12:06,617] INFO [Controller id=0] Skipping preferred replica election for partitions due to topic deletion:  (kafka.controller.KafkaController)
[2019-11-16 19:12:06,618] INFO [Controller id=0] Resuming preferred replica election for partitions:  (kafka.controller.KafkaController)
[2019-11-16 19:12:06,619] INFO [Controller id=0] Starting preferred replica leader election for partitions  (kafka.controller.KafkaController)
[2019-11-16 19:12:06,635] INFO [Controller id=0] Starting the controller scheduler (kafka.controller.KafkaController)
[2019-11-16 19:12:07,113] INFO [Controller id=0] New topics: [Set(topic)], deleted topics: [Set()], new partition replica assignment [Map(topic-0 -> Vector(0))] (kafka.controller.KafkaController)
[2019-11-16 19:12:07,114] INFO [Controller id=0] New partition creation callback for topic-0 (kafka.controller.KafkaController)
[2019-11-16 19:12:11,637] INFO [Controller id=0] Processing automatic preferred replica leader election (kafka.controller.KafkaController)
[2019-11-16 19:12:11,638] TRACE [Controller id=0] Checking need to trigger auto leader balancing (kafka.controller.KafkaController)
[2019-11-16 19:12:11,640] DEBUG [Controller id=0] Preferred replicas by broker Map(0 -> Map(topic-0 -> Vector(0))) (kafka.controller.KafkaController)
[2019-11-16 19:12:11,645] DEBUG [Controller id=0] Topics not in preferred replica for broker 0 Map() (kafka.controller.KafkaController)
[2019-11-16 19:12:11,647] TRACE [Controller id=0] Leader imbalance ratio for broker 0 is 0.0 (kafka.controller.KafkaController)
[2019-11-16 19:13:15,634] INFO [Controller id=0] Shutting down broker 0 (kafka.controller.KafkaController)
[2019-11-16 19:13:15,635] DEBUG [Controller id=0] All shutting down brokers: 0 (kafka.controller.KafkaController)
[2019-11-16 19:13:15,636] DEBUG [Controller id=0] Live brokers:  (kafka.controller.KafkaController)
[2019-11-16 19:13:15,642] TRACE [Controller id=0] All leaders = topic-0 -> (Leader:0,ISR:0,LeaderEpoch:0,ControllerEpoch:1) (kafka.controller.KafkaController)
[2019-11-16 19:13:16,544] INFO [ControllerEventThread controllerId=0] Shutting down (kafka.controller.ControllerEventManager$ControllerEventThread)
[2019-11-16 19:13:16,546] INFO [ControllerEventThread controllerId=0] Stopped (kafka.controller.ControllerEventManager$ControllerEventThread)
[2019-11-16 19:13:16,546] INFO [ControllerEventThread controllerId=0] Shutdown completed (kafka.controller.ControllerEventManager$ControllerEventThread)
[2019-11-16 19:13:16,547] DEBUG [Controller id=0] Resigning (kafka.controller.KafkaController)
[2019-11-16 19:13:16,547] DEBUG [Controller id=0] Unregister BrokerModifications handler for Set(0) (kafka.controller.KafkaController)
[2019-11-16 19:13:16,549] INFO [PartitionStateMachine controllerId=0] Stopped partition state machine (kafka.controller.ZkPartitionStateMachine)
[2019-11-16 19:13:16,551] INFO [ReplicaStateMachine controllerId=0] Stopped replica state machine (kafka.controller.ZkReplicaStateMachine)
[2019-11-16 19:13:16,551] INFO [RequestSendThread controllerId=0] Shutting down (kafka.controller.RequestSendThread)
[2019-11-16 19:13:16,551] INFO [RequestSendThread controllerId=0] Shutdown completed (kafka.controller.RequestSendThread)
[2019-11-16 19:13:16,551] INFO [RequestSendThread controllerId=0] Stopped (kafka.controller.RequestSendThread)
[2019-11-16 19:13:16,553] INFO [Controller id=0] Resigned (kafka.controller.KafkaController)
[2019-11-16 19:13:39,560] DEBUG preRegister called. Server=com.sun.jmx.mbeanserver.JmxMBeanServer@66d3c617, name=log4j:logger=kafka.controller (kafka.controller)
[2019-11-16 19:13:41,666] INFO [ControllerEventThread controllerId=0] Starting (kafka.controller.ControllerEventManager$ControllerEventThread)
[2019-11-16 19:13:41,695] INFO [Controller id=0] 0 successfully elected as the controller. Epoch incremented to 2 and epoch zk version is now 2 (kafka.controller.KafkaController)
[2019-11-16 19:13:41,696] INFO [Controller id=0] Registering handlers (kafka.controller.KafkaController)
[2019-11-16 19:13:41,714] INFO [Controller id=0] Deleting log dir event notifications (kafka.controller.KafkaController)
[2019-11-16 19:13:41,725] INFO [Controller id=0] Deleting isr change notifications (kafka.controller.KafkaController)
[2019-11-16 19:13:41,728] INFO [Controller id=0] Initializing controller context (kafka.controller.KafkaController)
[2019-11-16 19:13:41,756] INFO [Controller id=0] Initialized broker epochs cache: Map(0 -> 50) (kafka.controller.KafkaController)
[2019-11-16 19:13:41,783] DEBUG [Controller id=0] Register BrokerModifications handler for Set(0) (kafka.controller.KafkaController)
[2019-11-16 19:13:41,802] DEBUG [Channel manager on controller 0]: Controller 0 trying to connect to broker 0 (kafka.controller.ControllerChannelManager)
[2019-11-16 19:13:41,813] INFO [RequestSendThread controllerId=0] Starting (kafka.controller.RequestSendThread)
[2019-11-16 19:13:41,815] INFO [Controller id=0] Partitions being reassigned: Map() (kafka.controller.KafkaController)
[2019-11-16 19:13:41,816] INFO [Controller id=0] Currently active brokers in the cluster: Set(0) (kafka.controller.KafkaController)
[2019-11-16 19:13:41,817] INFO [Controller id=0] Currently shutting brokers in the cluster: Set() (kafka.controller.KafkaController)
[2019-11-16 19:13:41,817] INFO [Controller id=0] Current list of topics in the cluster: Set(topic) (kafka.controller.KafkaController)
[2019-11-16 19:13:41,819] INFO [Controller id=0] Fetching topic deletions in progress (kafka.controller.KafkaController)
[2019-11-16 19:13:41,836] INFO [Controller id=0] List of topics to be deleted:  (kafka.controller.KafkaController)
[2019-11-16 19:13:41,837] INFO [Controller id=0] List of topics ineligible for deletion:  (kafka.controller.KafkaController)
[2019-11-16 19:13:41,837] INFO [Controller id=0] Initializing topic deletion manager (kafka.controller.KafkaController)
[2019-11-16 19:13:41,838] INFO [Topic Deletion Manager 0] Initializing manager with initial deletions: Set(), initial ineligible deletions: Set() (kafka.controller.TopicDeletionManager)
[2019-11-16 19:13:41,839] INFO [Controller id=0] Sending update metadata request (kafka.controller.KafkaController)
[2019-11-16 19:13:41,880] INFO [ReplicaStateMachine controllerId=0] Initializing replica state (kafka.controller.ZkReplicaStateMachine)
[2019-11-16 19:13:41,883] INFO [RequestSendThread controllerId=0] Controller 0 connected to jj-Aspire-V3-371:9092 (id: 0 rack: null) for sending state change requests (kafka.controller.RequestSendThread)
[2019-11-16 19:13:41,887] INFO [ReplicaStateMachine controllerId=0] Triggering online replica state changes (kafka.controller.ZkReplicaStateMachine)
[2019-11-16 19:13:41,931] INFO [ReplicaStateMachine controllerId=0] Triggering offline replica state changes (kafka.controller.ZkReplicaStateMachine)
[2019-11-16 19:13:41,931] DEBUG [ReplicaStateMachine controllerId=0] Started replica state machine with initial state -> Map([Topic=topic,Partition=0,Replica=0] -> OnlineReplica) (kafka.controller.ZkReplicaStateMachine)
[2019-11-16 19:13:41,932] INFO [PartitionStateMachine controllerId=0] Initializing partition state (kafka.controller.ZkPartitionStateMachine)
[2019-11-16 19:13:41,934] INFO [PartitionStateMachine controllerId=0] Triggering online partition state changes (kafka.controller.ZkPartitionStateMachine)
[2019-11-16 19:13:41,937] DEBUG [PartitionStateMachine controllerId=0] Started partition state machine with initial state -> Map(topic-0 -> OnlinePartition) (kafka.controller.ZkPartitionStateMachine)
[2019-11-16 19:13:41,937] INFO [Controller id=0] Ready to serve as the new controller with epoch 2 (kafka.controller.KafkaController)
[2019-11-16 19:13:41,940] INFO [Controller id=0] Removing partitions Set() from the list of reassigned partitions in zookeeper (kafka.controller.KafkaController)
[2019-11-16 19:13:41,941] INFO [Controller id=0] No more partitions need to be reassigned. Deleting zk path /admin/reassign_partitions (kafka.controller.KafkaController)
[2019-11-16 19:13:41,944] INFO [Controller id=0] Partitions undergoing preferred replica election:  (kafka.controller.KafkaController)
[2019-11-16 19:13:41,945] INFO [Controller id=0] Partitions that completed preferred replica election:  (kafka.controller.KafkaController)
[2019-11-16 19:13:41,945] INFO [Controller id=0] Skipping preferred replica election for partitions due to topic deletion:  (kafka.controller.KafkaController)
[2019-11-16 19:13:41,946] INFO [Controller id=0] Resuming preferred replica election for partitions:  (kafka.controller.KafkaController)
[2019-11-16 19:13:41,949] INFO [Controller id=0] Starting preferred replica leader election for partitions  (kafka.controller.KafkaController)
[2019-11-16 19:13:41,980] INFO [Controller id=0] Starting the controller scheduler (kafka.controller.KafkaController)
[2019-11-16 19:13:46,982] INFO [Controller id=0] Processing automatic preferred replica leader election (kafka.controller.KafkaController)
[2019-11-16 19:13:46,982] TRACE [Controller id=0] Checking need to trigger auto leader balancing (kafka.controller.KafkaController)
[2019-11-16 19:13:46,985] DEBUG [Controller id=0] Preferred replicas by broker Map(0 -> Map(topic-0 -> Vector(0))) (kafka.controller.KafkaController)
[2019-11-16 19:13:46,987] DEBUG [Controller id=0] Topics not in preferred replica for broker 0 Map() (kafka.controller.KafkaController)
[2019-11-16 19:13:46,989] TRACE [Controller id=0] Leader imbalance ratio for broker 0 is 0.0 (kafka.controller.KafkaController)
[2019-11-16 19:13:48,260] INFO [Controller id=0] Shutting down broker 0 (kafka.controller.KafkaController)
[2019-11-16 19:13:48,260] DEBUG [Controller id=0] All shutting down brokers: 0 (kafka.controller.KafkaController)
[2019-11-16 19:13:48,261] DEBUG [Controller id=0] Live brokers:  (kafka.controller.KafkaController)
[2019-11-16 19:13:48,265] TRACE [Controller id=0] All leaders = topic-0 -> (Leader:0,ISR:0,LeaderEpoch:0,ControllerEpoch:1) (kafka.controller.KafkaController)
[2019-11-16 19:13:48,796] INFO [ControllerEventThread controllerId=0] Shutting down (kafka.controller.ControllerEventManager$ControllerEventThread)
[2019-11-16 19:13:48,797] INFO [ControllerEventThread controllerId=0] Shutdown completed (kafka.controller.ControllerEventManager$ControllerEventThread)
[2019-11-16 19:13:48,797] INFO [ControllerEventThread controllerId=0] Stopped (kafka.controller.ControllerEventManager$ControllerEventThread)
[2019-11-16 19:13:48,797] DEBUG [Controller id=0] Resigning (kafka.controller.KafkaController)
[2019-11-16 19:13:48,798] DEBUG [Controller id=0] Unregister BrokerModifications handler for Set(0) (kafka.controller.KafkaController)
[2019-11-16 19:13:48,799] INFO [PartitionStateMachine controllerId=0] Stopped partition state machine (kafka.controller.ZkPartitionStateMachine)
[2019-11-16 19:13:48,800] INFO [ReplicaStateMachine controllerId=0] Stopped replica state machine (kafka.controller.ZkReplicaStateMachine)
[2019-11-16 19:13:48,801] INFO [RequestSendThread controllerId=0] Shutting down (kafka.controller.RequestSendThread)
[2019-11-16 19:13:48,801] INFO [RequestSendThread controllerId=0] Stopped (kafka.controller.RequestSendThread)
[2019-11-16 19:13:48,801] INFO [RequestSendThread controllerId=0] Shutdown completed (kafka.controller.RequestSendThread)
[2019-11-16 19:13:48,803] INFO [Controller id=0] Resigned (kafka.controller.KafkaController)
[2019-11-16 19:51:14,400] DEBUG preRegister called. Server=com.sun.jmx.mbeanserver.JmxMBeanServer@66d3c617, name=log4j:logger=kafka.controller (kafka.controller)
[2019-11-16 19:51:16,628] INFO [ControllerEventThread controllerId=0] Starting (kafka.controller.ControllerEventManager$ControllerEventThread)
[2019-11-16 19:51:16,654] INFO [Controller id=0] 0 successfully elected as the controller. Epoch incremented to 3 and epoch zk version is now 3 (kafka.controller.KafkaController)
[2019-11-16 19:51:16,654] INFO [Controller id=0] Registering handlers (kafka.controller.KafkaController)
[2019-11-16 19:51:16,666] INFO [Controller id=0] Deleting log dir event notifications (kafka.controller.KafkaController)
[2019-11-16 19:51:16,673] INFO [Controller id=0] Deleting isr change notifications (kafka.controller.KafkaController)
[2019-11-16 19:51:16,682] INFO [Controller id=0] Initializing controller context (kafka.controller.KafkaController)
[2019-11-16 19:51:16,703] INFO [Controller id=0] Initialized broker epochs cache: Map(0 -> 69) (kafka.controller.KafkaController)
[2019-11-16 19:51:16,716] DEBUG [Controller id=0] Register BrokerModifications handler for Set(0) (kafka.controller.KafkaController)
[2019-11-16 19:51:16,732] DEBUG [Channel manager on controller 0]: Controller 0 trying to connect to broker 0 (kafka.controller.ControllerChannelManager)
[2019-11-16 19:51:16,749] INFO [RequestSendThread controllerId=0] Starting (kafka.controller.RequestSendThread)
[2019-11-16 19:51:16,751] INFO [Controller id=0] Partitions being reassigned: Map() (kafka.controller.KafkaController)
[2019-11-16 19:51:16,753] INFO [Controller id=0] Currently active brokers in the cluster: Set(0) (kafka.controller.KafkaController)
[2019-11-16 19:51:16,753] INFO [Controller id=0] Currently shutting brokers in the cluster: Set() (kafka.controller.KafkaController)
[2019-11-16 19:51:16,754] INFO [Controller id=0] Current list of topics in the cluster: Set(topic) (kafka.controller.KafkaController)
[2019-11-16 19:51:16,754] INFO [Controller id=0] Fetching topic deletions in progress (kafka.controller.KafkaController)
[2019-11-16 19:51:16,761] INFO [Controller id=0] List of topics to be deleted:  (kafka.controller.KafkaController)
[2019-11-16 19:51:16,762] INFO [Controller id=0] List of topics ineligible for deletion:  (kafka.controller.KafkaController)
[2019-11-16 19:51:16,763] INFO [Controller id=0] Initializing topic deletion manager (kafka.controller.KafkaController)
[2019-11-16 19:51:16,766] INFO [Topic Deletion Manager 0] Initializing manager with initial deletions: Set(), initial ineligible deletions: Set() (kafka.controller.TopicDeletionManager)
[2019-11-16 19:51:16,767] INFO [Controller id=0] Sending update metadata request (kafka.controller.KafkaController)
[2019-11-16 19:51:16,784] INFO [ReplicaStateMachine controllerId=0] Initializing replica state (kafka.controller.ZkReplicaStateMachine)
[2019-11-16 19:51:16,803] INFO [RequestSendThread controllerId=0] Controller 0 connected to jj-Aspire-V3-371:9092 (id: 0 rack: null) for sending state change requests (kafka.controller.RequestSendThread)
[2019-11-16 19:51:16,806] INFO [ReplicaStateMachine controllerId=0] Triggering online replica state changes (kafka.controller.ZkReplicaStateMachine)
[2019-11-16 19:51:16,853] INFO [ReplicaStateMachine controllerId=0] Triggering offline replica state changes (kafka.controller.ZkReplicaStateMachine)
[2019-11-16 19:51:16,854] DEBUG [ReplicaStateMachine controllerId=0] Started replica state machine with initial state -> Map([Topic=topic,Partition=0,Replica=0] -> OnlineReplica) (kafka.controller.ZkReplicaStateMachine)
[2019-11-16 19:51:16,854] INFO [PartitionStateMachine controllerId=0] Initializing partition state (kafka.controller.ZkPartitionStateMachine)
[2019-11-16 19:51:16,858] INFO [PartitionStateMachine controllerId=0] Triggering online partition state changes (kafka.controller.ZkPartitionStateMachine)
[2019-11-16 19:51:16,860] DEBUG [PartitionStateMachine controllerId=0] Started partition state machine with initial state -> Map(topic-0 -> OnlinePartition) (kafka.controller.ZkPartitionStateMachine)
[2019-11-16 19:51:16,863] INFO [Controller id=0] Ready to serve as the new controller with epoch 3 (kafka.controller.KafkaController)
[2019-11-16 19:51:16,865] INFO [Controller id=0] Removing partitions Set() from the list of reassigned partitions in zookeeper (kafka.controller.KafkaController)
[2019-11-16 19:51:16,866] INFO [Controller id=0] No more partitions need to be reassigned. Deleting zk path /admin/reassign_partitions (kafka.controller.KafkaController)
[2019-11-16 19:51:16,871] INFO [Controller id=0] Partitions undergoing preferred replica election:  (kafka.controller.KafkaController)
[2019-11-16 19:51:16,872] INFO [Controller id=0] Partitions that completed preferred replica election:  (kafka.controller.KafkaController)
[2019-11-16 19:51:16,872] INFO [Controller id=0] Skipping preferred replica election for partitions due to topic deletion:  (kafka.controller.KafkaController)
[2019-11-16 19:51:16,873] INFO [Controller id=0] Resuming preferred replica election for partitions:  (kafka.controller.KafkaController)
[2019-11-16 19:51:16,874] INFO [Controller id=0] Starting preferred replica leader election for partitions  (kafka.controller.KafkaController)
[2019-11-16 19:51:16,887] INFO [Controller id=0] Starting the controller scheduler (kafka.controller.KafkaController)
[2019-11-16 19:51:21,888] INFO [Controller id=0] Processing automatic preferred replica leader election (kafka.controller.KafkaController)
[2019-11-16 19:51:21,888] TRACE [Controller id=0] Checking need to trigger auto leader balancing (kafka.controller.KafkaController)
[2019-11-16 19:51:21,891] DEBUG [Controller id=0] Preferred replicas by broker Map(0 -> Map(topic-0 -> Vector(0))) (kafka.controller.KafkaController)
[2019-11-16 19:51:21,894] DEBUG [Controller id=0] Topics not in preferred replica for broker 0 Map() (kafka.controller.KafkaController)
[2019-11-16 19:51:21,896] TRACE [Controller id=0] Leader imbalance ratio for broker 0 is 0.0 (kafka.controller.KafkaController)
[2019-11-16 19:51:35,604] INFO [Controller id=0] New topics: [Set(__consumer_offsets)], deleted topics: [Set()], new partition replica assignment [Map(__consumer_offsets-22 -> Vector(0), __consumer_offsets-30 -> Vector(0), __consumer_offsets-8 -> Vector(0), __consumer_offsets-21 -> Vector(0), __consumer_offsets-4 -> Vector(0), __consumer_offsets-27 -> Vector(0), __consumer_offsets-7 -> Vector(0), __consumer_offsets-9 -> Vector(0), __consumer_offsets-46 -> Vector(0), __consumer_offsets-25 -> Vector(0), __consumer_offsets-35 -> Vector(0), __consumer_offsets-41 -> Vector(0), __consumer_offsets-33 -> Vector(0), __consumer_offsets-23 -> Vector(0), __consumer_offsets-49 -> Vector(0), __consumer_offsets-47 -> Vector(0), __consumer_offsets-16 -> Vector(0), __consumer_offsets-28 -> Vector(0), __consumer_offsets-31 -> Vector(0), __consumer_offsets-36 -> Vector(0), __consumer_offsets-42 -> Vector(0), __consumer_offsets-3 -> Vector(0), __consumer_offsets-18 -> Vector(0), __consumer_offsets-37 -> Vector(0), __consumer_offsets-15 -> Vector(0), __consumer_offsets-24 -> Vector(0), __consumer_offsets-38 -> Vector(0), __consumer_offsets-17 -> Vector(0), __consumer_offsets-48 -> Vector(0), __consumer_offsets-19 -> Vector(0), __consumer_offsets-11 -> Vector(0), __consumer_offsets-13 -> Vector(0), __consumer_offsets-2 -> Vector(0), __consumer_offsets-43 -> Vector(0), __consumer_offsets-6 -> Vector(0), __consumer_offsets-14 -> Vector(0), __consumer_offsets-20 -> Vector(0), __consumer_offsets-0 -> Vector(0), __consumer_offsets-44 -> Vector(0), __consumer_offsets-39 -> Vector(0), __consumer_offsets-12 -> Vector(0), __consumer_offsets-45 -> Vector(0), __consumer_offsets-1 -> Vector(0), __consumer_offsets-5 -> Vector(0), __consumer_offsets-26 -> Vector(0), __consumer_offsets-29 -> Vector(0), __consumer_offsets-34 -> Vector(0), __consumer_offsets-10 -> Vector(0), __consumer_offsets-32 -> Vector(0), __consumer_offsets-40 -> Vector(0))] (kafka.controller.KafkaController)
[2019-11-16 19:51:35,605] INFO [Controller id=0] New partition creation callback for __consumer_offsets-22,__consumer_offsets-30,__consumer_offsets-8,__consumer_offsets-21,__consumer_offsets-4,__consumer_offsets-27,__consumer_offsets-7,__consumer_offsets-9,__consumer_offsets-46,__consumer_offsets-25,__consumer_offsets-35,__consumer_offsets-41,__consumer_offsets-33,__consumer_offsets-23,__consumer_offsets-49,__consumer_offsets-47,__consumer_offsets-16,__consumer_offsets-28,__consumer_offsets-31,__consumer_offsets-36,__consumer_offsets-42,__consumer_offsets-3,__consumer_offsets-18,__consumer_offsets-37,__consumer_offsets-15,__consumer_offsets-24,__consumer_offsets-38,__consumer_offsets-17,__consumer_offsets-48,__consumer_offsets-19,__consumer_offsets-11,__consumer_offsets-13,__consumer_offsets-2,__consumer_offsets-43,__consumer_offsets-6,__consumer_offsets-14,__consumer_offsets-20,__consumer_offsets-0,__consumer_offsets-44,__consumer_offsets-39,__consumer_offsets-12,__consumer_offsets-45,__consumer_offsets-1,__consumer_offsets-5,__consumer_offsets-26,__consumer_offsets-29,__consumer_offsets-34,__consumer_offsets-10,__consumer_offsets-32,__consumer_offsets-40 (kafka.controller.KafkaController)
[2019-11-16 19:51:46,280] INFO [Controller id=0] Shutting down broker 0 (kafka.controller.KafkaController)
[2019-11-16 19:51:46,281] DEBUG [Controller id=0] All shutting down brokers: 0 (kafka.controller.KafkaController)
[2019-11-16 19:51:46,281] DEBUG [Controller id=0] Live brokers:  (kafka.controller.KafkaController)
[2019-11-16 19:51:46,291] TRACE [Controller id=0] All leaders = __consumer_offsets-49 -> (Leader:0,ISR:0,LeaderEpoch:0,ControllerEpoch:3),__consumer_offsets-38 -> (Leader:0,ISR:0,LeaderEpoch:0,ControllerEpoch:3),__consumer_offsets-16 -> (Leader:0,ISR:0,LeaderEpoch:0,ControllerEpoch:3),__consumer_offsets-27 -> (Leader:0,ISR:0,LeaderEpoch:0,ControllerEpoch:3),__consumer_offsets-8 -> (Leader:0,ISR:0,LeaderEpoch:0,ControllerEpoch:3),__consumer_offsets-19 -> (Leader:0,ISR:0,LeaderEpoch:0,ControllerEpoch:3),__consumer_offsets-13 -> (Leader:0,ISR:0,LeaderEpoch:0,ControllerEpoch:3),__consumer_offsets-2 -> (Leader:0,ISR:0,LeaderEpoch:0,ControllerEpoch:3),__consumer_offsets-46 -> (Leader:0,ISR:0,LeaderEpoch:0,ControllerEpoch:3),__consumer_offsets-35 -> (Leader:0,ISR:0,LeaderEpoch:0,ControllerEpoch:3),__consumer_offsets-24 -> (Leader:0,ISR:0,LeaderEpoch:0,ControllerEpoch:3),__consumer_offsets-5 -> (Leader:0,ISR:0,LeaderEpoch:0,ControllerEpoch:3),__consumer_offsets-43 -> (Leader:0,ISR:0,LeaderEpoch:0,ControllerEpoch:3),__consumer_offsets-32 -> (Leader:0,ISR:0,LeaderEpoch:0,ControllerEpoch:3),__consumer_offsets-21 -> (Leader:0,ISR:0,LeaderEpoch:0,ControllerEpoch:3),topic-0 -> (Leader:0,ISR:0,LeaderEpoch:0,ControllerEpoch:1),__consumer_offsets-10 -> (Leader:0,ISR:0,LeaderEpoch:0,ControllerEpoch:3),__consumer_offsets-37 -> (Leader:0,ISR:0,LeaderEpoch:0,ControllerEpoch:3),__consumer_offsets-48 -> (Leader:0,ISR:0,LeaderEpoch:0,ControllerEpoch:3),__consumer_offsets-40 -> (Leader:0,ISR:0,LeaderEpoch:0,ControllerEpoch:3),__consumer_offsets-18 -> (Leader:0,ISR:0,LeaderEpoch:0,ControllerEpoch:3),__consumer_offsets-29 -> (Leader:0,ISR:0,LeaderEpoch:0,ControllerEpoch:3),__consumer_offsets-7 -> (Leader:0,ISR:0,LeaderEpoch:0,ControllerEpoch:3),__consumer_offsets-23 -> (Leader:0,ISR:0,LeaderEpoch:0,ControllerEpoch:3),__consumer_offsets-45 -> (Leader:0,ISR:0,LeaderEpoch:0,ControllerEpoch:3),__consumer_offsets-34 -> (Leader:0,ISR:0,LeaderEpoch:0,ControllerEpoch:3),__consumer_offsets-26 -> (Leader:0,ISR:0,LeaderEpoch:0,ControllerEpoch:3),__consumer_offsets-4 -> (Leader:0,ISR:0,LeaderEpoch:0,ControllerEpoch:3),__consumer_offsets-15 -> (Leader:0,ISR:0,LeaderEpoch:0,ControllerEpoch:3),__consumer_offsets-42 -> (Leader:0,ISR:0,LeaderEpoch:0,ControllerEpoch:3),__consumer_offsets-31 -> (Leader:0,ISR:0,LeaderEpoch:0,ControllerEpoch:3),__consumer_offsets-9 -> (Leader:0,ISR:0,LeaderEpoch:0,ControllerEpoch:3),__consumer_offsets-20 -> (Leader:0,ISR:0,LeaderEpoch:0,ControllerEpoch:3),__consumer_offsets-12 -> (Leader:0,ISR:0,LeaderEpoch:0,ControllerEpoch:3),__consumer_offsets-1 -> (Leader:0,ISR:0,LeaderEpoch:0,ControllerEpoch:3),__consumer_offsets-28 -> (Leader:0,ISR:0,LeaderEpoch:0,ControllerEpoch:3),__consumer_offsets-17 -> (Leader:0,ISR:0,LeaderEpoch:0,ControllerEpoch:3),__consumer_offsets-6 -> (Leader:0,ISR:0,LeaderEpoch:0,ControllerEpoch:3),__consumer_offsets-39 -> (Leader:0,ISR:0,LeaderEpoch:0,ControllerEpoch:3),__consumer_offsets-44 -> (Leader:0,ISR:0,LeaderEpoch:0,ControllerEpoch:3),__consumer_offsets-36 -> (Leader:0,ISR:0,LeaderEpoch:0,ControllerEpoch:3),__consumer_offsets-47 -> (Leader:0,ISR:0,LeaderEpoch:0,ControllerEpoch:3),__consumer_offsets-3 -> (Leader:0,ISR:0,LeaderEpoch:0,ControllerEpoch:3),__consumer_offsets-25 -> (Leader:0,ISR:0,LeaderEpoch:0,ControllerEpoch:3),__consumer_offsets-14 -> (Leader:0,ISR:0,LeaderEpoch:0,ControllerEpoch:3),__consumer_offsets-30 -> (Leader:0,ISR:0,LeaderEpoch:0,ControllerEpoch:3),__consumer_offsets-41 -> (Leader:0,ISR:0,LeaderEpoch:0,ControllerEpoch:3),__consumer_offsets-33 -> (Leader:0,ISR:0,LeaderEpoch:0,ControllerEpoch:3),__consumer_offsets-22 -> (Leader:0,ISR:0,LeaderEpoch:0,ControllerEpoch:3),__consumer_offsets-11 -> (Leader:0,ISR:0,LeaderEpoch:0,ControllerEpoch:3),__consumer_offsets-0 -> (Leader:0,ISR:0,LeaderEpoch:0,ControllerEpoch:3) (kafka.controller.KafkaController)
[2019-11-16 19:51:47,367] INFO [ControllerEventThread controllerId=0] Shutting down (kafka.controller.ControllerEventManager$ControllerEventThread)
[2019-11-16 19:51:47,370] INFO [ControllerEventThread controllerId=0] Stopped (kafka.controller.ControllerEventManager$ControllerEventThread)
[2019-11-16 19:51:47,370] INFO [ControllerEventThread controllerId=0] Shutdown completed (kafka.controller.ControllerEventManager$ControllerEventThread)
[2019-11-16 19:51:47,372] DEBUG [Controller id=0] Resigning (kafka.controller.KafkaController)
[2019-11-16 19:51:47,373] DEBUG [Controller id=0] Unregister BrokerModifications handler for Set(0) (kafka.controller.KafkaController)
[2019-11-16 19:51:47,376] INFO [PartitionStateMachine controllerId=0] Stopped partition state machine (kafka.controller.ZkPartitionStateMachine)
[2019-11-16 19:51:47,378] INFO [ReplicaStateMachine controllerId=0] Stopped replica state machine (kafka.controller.ZkReplicaStateMachine)
[2019-11-16 19:51:47,380] INFO [RequestSendThread controllerId=0] Shutting down (kafka.controller.RequestSendThread)
[2019-11-16 19:51:47,380] INFO [RequestSendThread controllerId=0] Stopped (kafka.controller.RequestSendThread)
[2019-11-16 19:51:47,380] INFO [RequestSendThread controllerId=0] Shutdown completed (kafka.controller.RequestSendThread)
[2019-11-16 19:51:47,383] INFO [Controller id=0] Resigned (kafka.controller.KafkaController)
